<?xml version="1.0" encoding="UTF-8"?>
<testng-results ignored="0" total="1" passed="1" failed="0" skipped="0">
  <reporter-output>
  </reporter-output>
  <suite started-at="2023-04-15T13:49:30 IST" name="Suite" finished-at="2023-04-15T13:50:10 IST" duration-ms="40333">
    <groups>
    </groups>
    <test started-at="2023-04-15T13:49:30 IST" name="Test" finished-at="2023-04-15T13:50:10 IST" duration-ms="40333">
      <class name="com.demowebshop.automation.testscript.TS_EndtoEndflow">
        <test-method is-config="true" signature="extentReport()[pri:0, instance:com.demowebshop.automation.testscript.TS_EndtoEndflow@7e7be63f]" started-at="2023-04-15T13:49:30 IST" name="extentReport" finished-at="2023-04-15T13:49:30 IST" duration-ms="265" status="PASS">
          <reporter-output>
          </reporter-output>
        </test-method> <!-- extentReport -->
        <test-method is-config="true" signature="openapp(java.lang.String)[pri:0, instance:com.demowebshop.automation.testscript.TS_EndtoEndflow@7e7be63f]" started-at="2023-04-15T13:49:31 IST" name="openapp" finished-at="2023-04-15T13:49:37 IST" duration-ms="6087" status="PASS">
          <params>
            <param index="0">
              <value>
                <![CDATA[chrome]]>
              </value>
            </param>
          </params>
          <reporter-output>
          </reporter-output>
        </test-method> <!-- openapp -->
        <test-method signature="script(java.lang.String,java.lang.String)[pri:0, instance:com.demowebshop.automation.testscript.TS_EndtoEndflow@7e7be63f]" started-at="2023-04-15T13:49:37 IST" name="script" data-provider="testdata" finished-at="2023-04-15T13:50:09 IST" duration-ms="32041" status="PASS">
          <params>
            <param index="0">
              <value>
                <![CDATA[chithuacharya@gmail.com]]>
              </value>
            </param>
            <param index="1">
              <value>
                <![CDATA[asdfghjkl]]>
              </value>
            </param>
          </params>
          <reporter-output>
          </reporter-output>
        </test-method> <!-- script -->
        <test-method is-config="true" signature="closeapp()[pri:0, instance:com.demowebshop.automation.testscript.TS_EndtoEndflow@7e7be63f]" started-at="2023-04-15T13:50:09 IST" name="closeapp" finished-at="2023-04-15T13:50:10 IST" duration-ms="342" status="PASS">
          <reporter-output>
          </reporter-output>
        </test-method> <!-- closeapp -->
        <test-method is-config="true" signature="closeReport()[pri:0, instance:com.demowebshop.automation.testscript.TS_EndtoEndflow@7e7be63f]" started-at="2023-04-15T13:50:10 IST" name="closeReport" finished-at="2023-04-15T13:50:10 IST" duration-ms="592" status="PASS">
          <reporter-output>
          </reporter-output>
        </test-method> <!-- closeReport -->
      </class> <!-- com.demowebshop.automation.testscript.TS_EndtoEndflow -->
    </test> <!-- Test -->
  </suite> <!-- Suite -->
</testng-results>
